Reading pref.tcl

# 2021.2

# vsim -c -voptargs="+acc" tb_top "+TIMEOUT=10000000" "+num_of_testcases=4" "+test_mode=1" "+epsilon_mult=1.0" "+input_dir=../inputs" "+info_level=0" "+mystery_test=0" -do "run -all" 
# Start time: 15:39:39 on Oct 04,2024
# ** Note: (vsim-3813) Design is being optimized due to module recompilation...
# ** Note: (vopt-143) Recognized 1 FSM in module "MyDesign(fast)".
# //  ModelSim SE 2021.2 Apr 14 2021 Linux 4.18.0-553.22.1.el8_10.x86_64
# //
# //  Copyright 1991-2021 Mentor Graphics Corporation
# //  All Rights Reserved.
# //
# //  ModelSim SE and its associated documentation contain trade
# //  secrets and commercial or financial information that are the property of
# //  Mentor Graphics Corporation and are privileged, confidential,
# //  and exempt from disclosure under the Freedom of Information Act,
# //  5 U.S.C. Section 552. Furthermore, this information
# //  is prohibited from disclosure under the Trade Secrets Act,
# //  18 U.S.C. Section 1905.
# //
# Loading sv_std.std
# Loading work.tb_top(fast)
# Loading work.sram(fast)
# Loading work.sram(fast__1)
# Loading work.MyDesign(fast)
# Loading work.DW_fp_mac_inst(fast)
# Loading work.DW_fp_mac(fast)
# Loading work.DW_fp_dp2(fast)
# run -all
# INFO: number of testcases:           4
# INFO: DONE WITH RESETING DUT
# INFO:LVL0: ######## Running Test: 1 ########
# INFO: Reading memory file: ../inputs/test_1/test_1_input.dat
# INFO: Reading memory file: ../inputs/test_1/test_1_weight.dat
# Received filename in check_result = test
# INFO: ../inputs/test_1/test_1_result.dat
# [          0] Result MATCH: expected_result = 0.30261445045471191406, dut_result = 0.30261445045471191406
# [          1] Result MATCH: expected_result = 0.49913883209228515625, dut_result = 0.80175334215164184570
# [          2] Result MATCH: expected_result = 0.92672187089920043945, dut_result = 1.72847509384155273438
# [          3] Result MATCH: expected_result = 0.53322327136993408203, dut_result = 1.19525170326232910156
# [          4] Result MATCH: expected_result = 0.60618770122528076172, dut_result = 0.58906394243240356445
# [          5] Result MATCH: expected_result = 0.27004835009574890137, dut_result = 0.85911214351654052734
# [          6] Result MATCH: expected_result = 0.61056590080261230469, dut_result = 1.46967804431915283203
# [          7] Result MATCH: expected_result = 2.81260633468627929688, dut_result = 4.28228425979614257812
# [          8] Result MATCH: expected_result = 0.59861218929290771484, dut_result = 4.88089609146118164062
# [          9] Result MATCH: expected_result = 1.09119176864624023438, dut_result = 5.97208881378173828125
# [         10] Result MATCH: expected_result = 0.76436382532119750977, dut_result = 5.20772457122802734375
# [         11] Result MATCH: expected_result = 0.73161435127258300781, dut_result = 4.47611141204833984375
# [         12] Result MATCH: expected_result = 1.93208241462707519531, dut_result = 6.40819358825683593750
# [         13] Result MATCH: expected_result = 0.55436086654663085938, dut_result = 5.85383224487304687500
# [         14] Result MATCH: expected_result = 0.00174050789792090654, dut_result = 5.85209131240844726562
# [         15] Result MATCH: expected_result = 0.60910791158676147461, dut_result = 5.24298381805419921875
# [         16] Result MATCH: expected_result = 0.99011498689651489258, dut_result = 4.25286912918090820312
# [         17] Result MATCH: expected_result = 0.17628864943981170654, dut_result = 4.42915821075439453125
# [         18] Result MATCH: expected_result = 0.55849492549896240234, dut_result = 3.87066316604614257812
# [         19] Result MATCH: expected_result = 1.12445104122161865234, dut_result = 2.74621224403381347656
# [         20] Result MATCH: expected_result = 0.73935598134994506836, dut_result = 3.48556828498840332031
# [         21] Result MATCH: expected_result = 0.19949835538864135742, dut_result = 3.68506669998168945312
# [         22] Result MATCH: expected_result = 0.00600038934499025345, dut_result = 3.67906641960144042969
# [         23] Result MATCH: expected_result = 0.08864474296569824219, dut_result = 3.76771116256713867188
# [         24] Result MATCH: expected_result = 0.10439661890268325806, dut_result = 3.66331458091735839844
# [         25] Result MATCH: expected_result = 1.70898497104644775391, dut_result = 1.95432996749877929688
# [         26] Result MATCH: expected_result = 1.32409191131591796875, dut_result = 3.27842211723327636719
# [         27] Result MATCH: expected_result = 0.55508303642272949219, dut_result = 2.72333884239196777344
# [         28] Result MATCH: expected_result = 1.60301494598388671875, dut_result = 4.32635402679443359375
# [         29] Result MATCH: expected_result = 0.03185912966728210449, dut_result = 4.29449558258056640625
# [         30] Result MATCH: expected_result = 2.36997818946838378906, dut_result = 6.66447353363037109375
# [         31] Result MATCH: expected_result = 0.50015574693679809570, dut_result = 6.16431760787963867188
# [         32] Result MATCH: expected_result = 0.28837865591049194336, dut_result = 5.87593889236450195312
# [         33] Result MATCH: expected_result = 3.23924469947814941406, dut_result = 9.11518192291259765625
# [         34] Result MATCH: expected_result = 1.26012158393859863281, dut_result = 7.85506010055541992188
# [         35] Result MATCH: expected_result = 1.14006638526916503906, dut_result = 6.71499395370483398438
# [         36] Result MATCH: expected_result = 0.66034013032913208008, dut_result = 7.37533378601074218750
# [         37] Result MATCH: expected_result = 0.07926946133375167847, dut_result = 7.29606485366821289062
# [         38] Result MATCH: expected_result = 0.55415219068527221680, dut_result = 7.85021686553955078125
# [         39] Result MATCH: expected_result = 1.53644168376922607422, dut_result = 9.38665866851806640625
# [         40] Result MATCH: expected_result = 0.53683722019195556641, dut_result = 8.84982013702392578125
# [         41] Result MATCH: expected_result = 0.35564693808555603027, dut_result = 8.49417304992675781250
# [         42] Result MATCH: expected_result = 0.01612484082579612732, dut_result = 8.47804641723632812500
# [         43] Result MATCH: expected_result = 0.19730849564075469971, dut_result = 8.28073787689208984375
# [         44] Result MATCH: expected_result = 1.29778707027435302734, dut_result = 9.57852363586425781250
# [         45] Result MATCH: expected_result = 0.80652391910552978516, dut_result = 10.38504886627197265625
# [         46] Result MATCH: expected_result = 0.87487250566482543945, dut_result = 11.25992202758789062500
# [         47] Result MATCH: expected_result = 2.17335987091064453125, dut_result = 9.08656120300292968750
# [         48] Result MATCH: expected_result = 1.14055085182189941406, dut_result = 10.22711181640625000000
# [         49] Result MATCH: expected_result = 0.45123767852783203125, dut_result = 10.67835044860839843750
# [         50] Result MATCH: expected_result = 0.29787015914916992188, dut_result = 10.97622013092041015625
# [         51] Result MATCH: expected_result = 0.24183276295661926270, dut_result = 11.21805477142333984375
# [         52] Result MATCH: expected_result = 0.04454254359006881714, dut_result = 11.26259899139404296875
# [         53] Result MATCH: expected_result = 0.64969033002853393555, dut_result = 10.61290931701660156250
# [         54] Result MATCH: expected_result = 0.15894632041454315186, dut_result = 10.77185726165771484375
# [         55] Result MATCH: expected_result = 0.12563292682170867920, dut_result = 10.64622306823730468750
# [         56] Result MATCH: expected_result = 0.03193603828549385071, dut_result = 10.61428642272949218750
# [         57] Result MATCH: expected_result = 0.85498654842376708984, dut_result = 9.75929832458496093750
# [         58] Result MATCH: expected_result = 0.34015509486198425293, dut_result = 9.41914367675781250000
# [         59] Result MATCH: expected_result = 0.46540859341621398926, dut_result = 8.95373725891113281250
# [         60] Result MATCH: expected_result = 1.68572819232940673828, dut_result = 7.26801061630249023438
# [         61] Result MATCH: expected_result = 2.25312590599060058594, dut_result = 9.52113533020019531250
# [         62] Result MATCH: expected_result = 0.04499515146017074585, dut_result = 9.47614097595214843750
# [         63] Result MATCH: expected_result = 0.76021361351013183594, dut_result = 10.23635196685791015625
# INFO:LVL0: ######## Running Test: 2 ########
# INFO: Reading memory file: ../inputs/test_2/test_2_input.dat
# INFO: Reading memory file: ../inputs/test_2/test_2_weight.dat
# Received filename in check_result = test
# INFO: ../inputs/test_2/test_2_result.dat
# [          0] Result MATCH: expected_result = 0.30261445045471191406, dut_result = 0.30261445045471191406
# [          1] Result MATCH: expected_result = 0.49913883209228515625, dut_result = 0.80175334215164184570
# [          2] Result MATCH: expected_result = 0.92672187089920043945, dut_result = 1.72847509384155273438
# [          3] Result MATCH: expected_result = 0.53322327136993408203, dut_result = 1.19525170326232910156
# [          4] Result MATCH: expected_result = 0.60618770122528076172, dut_result = 0.58906394243240356445
# [          5] Result MATCH: expected_result = 0.27004835009574890137, dut_result = 0.85911214351654052734
# [          6] Result MATCH: expected_result = 0.61056590080261230469, dut_result = 1.46967804431915283203
# [          7] Result MATCH: expected_result = 2.81260633468627929688, dut_result = 4.28228425979614257812
# [          8] Result MATCH: expected_result = 0.59861218929290771484, dut_result = 4.88089609146118164062
# [          9] Result MATCH: expected_result = 1.09119176864624023438, dut_result = 5.97208881378173828125
# [         10] Result MATCH: expected_result = 0.76436382532119750977, dut_result = 5.20772457122802734375
# [         11] Result MATCH: expected_result = 0.73161435127258300781, dut_result = 4.47611141204833984375
# [         12] Result MATCH: expected_result = 1.93208241462707519531, dut_result = 6.40819358825683593750
# [         13] Result MATCH: expected_result = 0.55436086654663085938, dut_result = 5.85383224487304687500
# [         14] Result MATCH: expected_result = 0.00174050789792090654, dut_result = 5.85209131240844726562
# [         15] Result MATCH: expected_result = 0.60910791158676147461, dut_result = 5.24298381805419921875
# [         16] Result MATCH: expected_result = 0.99011498689651489258, dut_result = 4.25286912918090820312
# [         17] Result MATCH: expected_result = 0.17628864943981170654, dut_result = 4.42915821075439453125
# [         18] Result MATCH: expected_result = 0.55849492549896240234, dut_result = 3.87066316604614257812
# [         19] Result MATCH: expected_result = 1.12445104122161865234, dut_result = 2.74621224403381347656
# [         20] Result MATCH: expected_result = 0.73935598134994506836, dut_result = 3.48556828498840332031
# [         21] Result MATCH: expected_result = 0.19949835538864135742, dut_result = 3.68506669998168945312
# [         22] Result MATCH: expected_result = 0.00600038934499025345, dut_result = 3.67906641960144042969
# [         23] Result MATCH: expected_result = 0.08864474296569824219, dut_result = 3.76771116256713867188
# [         24] Result MATCH: expected_result = 0.10439661890268325806, dut_result = 3.66331458091735839844
# [         25] Result MATCH: expected_result = 1.70898497104644775391, dut_result = 1.95432996749877929688
# [         26] Result MATCH: expected_result = 1.32409191131591796875, dut_result = 3.27842211723327636719
# [         27] Result MATCH: expected_result = 0.55508303642272949219, dut_result = 2.72333884239196777344
# [         28] Result MATCH: expected_result = 1.60301494598388671875, dut_result = 4.32635402679443359375
# [         29] Result MATCH: expected_result = 0.03185912966728210449, dut_result = 4.29449558258056640625
# [         30] Result MATCH: expected_result = 2.36997818946838378906, dut_result = 6.66447353363037109375
# [         31] Result MATCH: expected_result = 0.50015574693679809570, dut_result = 6.16431760787963867188
# [         32] Result MATCH: expected_result = 0.28837865591049194336, dut_result = 5.87593889236450195312
# [         33] Result MATCH: expected_result = 3.23924469947814941406, dut_result = 9.11518192291259765625
# [         34] Result MATCH: expected_result = 1.26012158393859863281, dut_result = 7.85506010055541992188
# [         35] Result MATCH: expected_result = 1.14006638526916503906, dut_result = 6.71499395370483398438
# [         36] Result MATCH: expected_result = 0.66034013032913208008, dut_result = 7.37533378601074218750
# [         37] Result MATCH: expected_result = 0.07926946133375167847, dut_result = 7.29606485366821289062
# [         38] Result MATCH: expected_result = 0.55415219068527221680, dut_result = 7.85021686553955078125
# [         39] Result MATCH: expected_result = 1.53644168376922607422, dut_result = 9.38665866851806640625
# [         40] Result MATCH: expected_result = 0.53683722019195556641, dut_result = 8.84982013702392578125
# [         41] Result MATCH: expected_result = 0.35564693808555603027, dut_result = 8.49417304992675781250
# [         42] Result MATCH: expected_result = 0.01612484082579612732, dut_result = 8.47804641723632812500
# [         43] Result MATCH: expected_result = 0.19730849564075469971, dut_result = 8.28073787689208984375
# [         44] Result MATCH: expected_result = 1.29778707027435302734, dut_result = 9.57852363586425781250
# [         45] Result MATCH: expected_result = 0.80652391910552978516, dut_result = 10.38504886627197265625
# [         46] Result MATCH: expected_result = 0.87487250566482543945, dut_result = 11.25992202758789062500
# [         47] Result MATCH: expected_result = 2.17335987091064453125, dut_result = 9.08656120300292968750
# [         48] Result MATCH: expected_result = 1.14055085182189941406, dut_result = 10.22711181640625000000
# [         49] Result MATCH: expected_result = 0.45123767852783203125, dut_result = 10.67835044860839843750
# [         50] Result MATCH: expected_result = 0.29787015914916992188, dut_result = 10.97622013092041015625
# [         51] Result MATCH: expected_result = 0.24183276295661926270, dut_result = 11.21805477142333984375
# [         52] Result MATCH: expected_result = 0.04454254359006881714, dut_result = 11.26259899139404296875
# [         53] Result MATCH: expected_result = 0.64969033002853393555, dut_result = 10.61290931701660156250
# [         54] Result MATCH: expected_result = 0.15894632041454315186, dut_result = 10.77185726165771484375
# [         55] Result MATCH: expected_result = 0.12563292682170867920, dut_result = 10.64622306823730468750
# [         56] Result MATCH: expected_result = 0.03193603828549385071, dut_result = 10.61428642272949218750
# [         57] Result MATCH: expected_result = 0.85498654842376708984, dut_result = 9.75929832458496093750
# [         58] Result MATCH: expected_result = 0.34015509486198425293, dut_result = 9.41914367675781250000
# [         59] Result MATCH: expected_result = 0.46540859341621398926, dut_result = 8.95373725891113281250
# [         60] Result MATCH: expected_result = 1.68572819232940673828, dut_result = 7.26801061630249023438
# [         61] Result MATCH: expected_result = 2.25312590599060058594, dut_result = 9.52113533020019531250
# [         62] Result MATCH: expected_result = 0.04499515146017074585, dut_result = 9.47614097595214843750
# [         63] Result MATCH: expected_result = 0.76021361351013183594, dut_result = 10.23635196685791015625
# INFO:LVL0: ######## Running Test: 3 ########
# INFO: Reading memory file: ../inputs/test_3/test_3_input.dat
# INFO: Reading memory file: ../inputs/test_3/test_3_weight.dat
# Received filename in check_result = test
# INFO: ../inputs/test_3/test_3_result.dat
# [          0] Result MATCH: expected_result = 0.30261445045471191406, dut_result = 0.30261445045471191406
# [          1] Result MATCH: expected_result = 0.49913883209228515625, dut_result = 0.80175334215164184570
# [          2] Result MATCH: expected_result = 0.92672187089920043945, dut_result = 1.72847509384155273438
# [          3] Result MATCH: expected_result = 0.53322327136993408203, dut_result = 1.19525170326232910156
# [          4] Result MATCH: expected_result = 0.60618770122528076172, dut_result = 0.58906394243240356445
# [          5] Result MATCH: expected_result = 0.27004835009574890137, dut_result = 0.85911214351654052734
# [          6] Result MATCH: expected_result = 0.61056590080261230469, dut_result = 1.46967804431915283203
# [          7] Result MATCH: expected_result = 2.81260633468627929688, dut_result = 4.28228425979614257812
# [          8] Result MATCH: expected_result = 0.59861218929290771484, dut_result = 4.88089609146118164062
# [          9] Result MATCH: expected_result = 1.09119176864624023438, dut_result = 5.97208881378173828125
# [         10] Result MATCH: expected_result = 0.76436382532119750977, dut_result = 5.20772457122802734375
# [         11] Result MATCH: expected_result = 0.73161435127258300781, dut_result = 4.47611141204833984375
# [         12] Result MATCH: expected_result = 1.93208241462707519531, dut_result = 6.40819358825683593750
# [         13] Result MATCH: expected_result = 0.55436086654663085938, dut_result = 5.85383224487304687500
# [         14] Result MATCH: expected_result = 0.00174050789792090654, dut_result = 5.85209131240844726562
# [         15] Result MATCH: expected_result = 0.60910791158676147461, dut_result = 5.24298381805419921875
# [         16] Result MATCH: expected_result = 0.99011498689651489258, dut_result = 4.25286912918090820312
# [         17] Result MATCH: expected_result = 0.17628864943981170654, dut_result = 4.42915821075439453125
# [         18] Result MATCH: expected_result = 0.55849492549896240234, dut_result = 3.87066316604614257812
# [         19] Result MATCH: expected_result = 1.12445104122161865234, dut_result = 2.74621224403381347656
# [         20] Result MATCH: expected_result = 0.73935598134994506836, dut_result = 3.48556828498840332031
# [         21] Result MATCH: expected_result = 0.19949835538864135742, dut_result = 3.68506669998168945312
# [         22] Result MATCH: expected_result = 0.00600038934499025345, dut_result = 3.67906641960144042969
# [         23] Result MATCH: expected_result = 0.08864474296569824219, dut_result = 3.76771116256713867188
# [         24] Result MATCH: expected_result = 0.10439661890268325806, dut_result = 3.66331458091735839844
# [         25] Result MATCH: expected_result = 1.70898497104644775391, dut_result = 1.95432996749877929688
# [         26] Result MATCH: expected_result = 1.32409191131591796875, dut_result = 3.27842211723327636719
# [         27] Result MATCH: expected_result = 0.55508303642272949219, dut_result = 2.72333884239196777344
# [         28] Result MATCH: expected_result = 1.60301494598388671875, dut_result = 4.32635402679443359375
# [         29] Result MATCH: expected_result = 0.03185912966728210449, dut_result = 4.29449558258056640625
# [         30] Result MATCH: expected_result = 2.36997818946838378906, dut_result = 6.66447353363037109375
# [         31] Result MATCH: expected_result = 0.50015574693679809570, dut_result = 6.16431760787963867188
# [         32] Result MATCH: expected_result = 0.28837865591049194336, dut_result = 5.87593889236450195312
# [         33] Result MATCH: expected_result = 3.23924469947814941406, dut_result = 9.11518192291259765625
# [         34] Result MATCH: expected_result = 1.26012158393859863281, dut_result = 7.85506010055541992188
# [         35] Result MATCH: expected_result = 1.14006638526916503906, dut_result = 6.71499395370483398438
# [         36] Result MATCH: expected_result = 0.66034013032913208008, dut_result = 7.37533378601074218750
# [         37] Result MATCH: expected_result = 0.07926946133375167847, dut_result = 7.29606485366821289062
# [         38] Result MATCH: expected_result = 0.55415219068527221680, dut_result = 7.85021686553955078125
# [         39] Result MATCH: expected_result = 1.53644168376922607422, dut_result = 9.38665866851806640625
# [         40] Result MATCH: expected_result = 0.53683722019195556641, dut_result = 8.84982013702392578125
# [         41] Result MATCH: expected_result = 0.35564693808555603027, dut_result = 8.49417304992675781250
# [         42] Result MATCH: expected_result = 0.01612484082579612732, dut_result = 8.47804641723632812500
# [         43] Result MATCH: expected_result = 0.19730849564075469971, dut_result = 8.28073787689208984375
# [         44] Result MATCH: expected_result = 1.29778707027435302734, dut_result = 9.57852363586425781250
# [         45] Result MATCH: expected_result = 0.80652391910552978516, dut_result = 10.38504886627197265625
# [         46] Result MATCH: expected_result = 0.87487250566482543945, dut_result = 11.25992202758789062500
# [         47] Result MATCH: expected_result = 2.17335987091064453125, dut_result = 9.08656120300292968750
# [         48] Result MATCH: expected_result = 1.14055085182189941406, dut_result = 10.22711181640625000000
# [         49] Result MATCH: expected_result = 0.45123767852783203125, dut_result = 10.67835044860839843750
# [         50] Result MATCH: expected_result = 0.29787015914916992188, dut_result = 10.97622013092041015625
# [         51] Result MATCH: expected_result = 0.24183276295661926270, dut_result = 11.21805477142333984375
# [         52] Result MATCH: expected_result = 0.04454254359006881714, dut_result = 11.26259899139404296875
# [         53] Result MATCH: expected_result = 0.64969033002853393555, dut_result = 10.61290931701660156250
# [         54] Result MATCH: expected_result = 0.15894632041454315186, dut_result = 10.77185726165771484375
# [         55] Result MATCH: expected_result = 0.12563292682170867920, dut_result = 10.64622306823730468750
# [         56] Result MATCH: expected_result = 0.03193603828549385071, dut_result = 10.61428642272949218750
# [         57] Result MATCH: expected_result = 0.85498654842376708984, dut_result = 9.75929832458496093750
# [         58] Result MATCH: expected_result = 0.34015509486198425293, dut_result = 9.41914367675781250000
# [         59] Result MATCH: expected_result = 0.46540859341621398926, dut_result = 8.95373725891113281250
# [         60] Result MATCH: expected_result = 1.68572819232940673828, dut_result = 7.26801061630249023438
# [         61] Result MATCH: expected_result = 2.25312590599060058594, dut_result = 9.52113533020019531250
# [         62] Result MATCH: expected_result = 0.04499515146017074585, dut_result = 9.47614097595214843750
# [         63] Result MATCH: expected_result = 0.76021361351013183594, dut_result = 10.23635196685791015625
# INFO:LVL0: ######## Running Test: 4 ########
# INFO: Reading memory file: ../inputs/test_4/test_4_input.dat
# INFO: Reading memory file: ../inputs/test_4/test_4_weight.dat
# Received filename in check_result = test
# INFO: ../inputs/test_4/test_4_result.dat
# [          0] Result MATCH: expected_result = 0.30261445045471191406, dut_result = 0.30261445045471191406
# [          1] Result MATCH: expected_result = 0.49913883209228515625, dut_result = 0.80175334215164184570
# [          2] Result MATCH: expected_result = 0.92672187089920043945, dut_result = 1.72847509384155273438
# [          3] Result MATCH: expected_result = 0.53322327136993408203, dut_result = 1.19525170326232910156
# [          4] Result MATCH: expected_result = 0.60618770122528076172, dut_result = 0.58906394243240356445
# [          5] Result MATCH: expected_result = 0.27004835009574890137, dut_result = 0.85911214351654052734
# [          6] Result MATCH: expected_result = 0.61056590080261230469, dut_result = 1.46967804431915283203
# [          7] Result MATCH: expected_result = 2.81260633468627929688, dut_result = 4.28228425979614257812
# [          8] Result MATCH: expected_result = 0.59861218929290771484, dut_result = 4.88089609146118164062
# [          9] Result MATCH: expected_result = 1.09119176864624023438, dut_result = 5.97208881378173828125
# [         10] Result MATCH: expected_result = 0.76436382532119750977, dut_result = 5.20772457122802734375
# [         11] Result MATCH: expected_result = 0.73161435127258300781, dut_result = 4.47611141204833984375
# [         12] Result MATCH: expected_result = 1.93208241462707519531, dut_result = 6.40819358825683593750
# [         13] Result MATCH: expected_result = 0.55436086654663085938, dut_result = 5.85383224487304687500
# [         14] Result MATCH: expected_result = 0.00174050789792090654, dut_result = 5.85209131240844726562
# [         15] Result MATCH: expected_result = 0.60910791158676147461, dut_result = 5.24298381805419921875
# [         16] Result MATCH: expected_result = 0.99011498689651489258, dut_result = 4.25286912918090820312
# [         17] Result MATCH: expected_result = 0.17628864943981170654, dut_result = 4.42915821075439453125
# [         18] Result MATCH: expected_result = 0.55849492549896240234, dut_result = 3.87066316604614257812
# [         19] Result MATCH: expected_result = 1.12445104122161865234, dut_result = 2.74621224403381347656
# [         20] Result MATCH: expected_result = 0.73935598134994506836, dut_result = 3.48556828498840332031
# [         21] Result MATCH: expected_result = 0.19949835538864135742, dut_result = 3.68506669998168945312
# [         22] Result MATCH: expected_result = 0.00600038934499025345, dut_result = 3.67906641960144042969
# [         23] Result MATCH: expected_result = 0.08864474296569824219, dut_result = 3.76771116256713867188
# [         24] Result MATCH: expected_result = 0.10439661890268325806, dut_result = 3.66331458091735839844
# [         25] Result MATCH: expected_result = 1.70898497104644775391, dut_result = 1.95432996749877929688
# [         26] Result MATCH: expected_result = 1.32409191131591796875, dut_result = 3.27842211723327636719
# [         27] Result MATCH: expected_result = 0.55508303642272949219, dut_result = 2.72333884239196777344
# [         28] Result MATCH: expected_result = 1.60301494598388671875, dut_result = 4.32635402679443359375
# [         29] Result MATCH: expected_result = 0.03185912966728210449, dut_result = 4.29449558258056640625
# [         30] Result MATCH: expected_result = 2.36997818946838378906, dut_result = 6.66447353363037109375
# [         31] Result MATCH: expected_result = 0.50015574693679809570, dut_result = 6.16431760787963867188
# [         32] Result MATCH: expected_result = 0.28837865591049194336, dut_result = 5.87593889236450195312
# [         33] Result MATCH: expected_result = 3.23924469947814941406, dut_result = 9.11518192291259765625
# [         34] Result MATCH: expected_result = 1.26012158393859863281, dut_result = 7.85506010055541992188
# [         35] Result MATCH: expected_result = 1.14006638526916503906, dut_result = 6.71499395370483398438
# [         36] Result MATCH: expected_result = 0.66034013032913208008, dut_result = 7.37533378601074218750
# [         37] Result MATCH: expected_result = 0.07926946133375167847, dut_result = 7.29606485366821289062
# [         38] Result MATCH: expected_result = 0.55415219068527221680, dut_result = 7.85021686553955078125
# [         39] Result MATCH: expected_result = 1.53644168376922607422, dut_result = 9.38665866851806640625
# [         40] Result MATCH: expected_result = 0.53683722019195556641, dut_result = 8.84982013702392578125
# [         41] Result MATCH: expected_result = 0.35564693808555603027, dut_result = 8.49417304992675781250
# [         42] Result MATCH: expected_result = 0.01612484082579612732, dut_result = 8.47804641723632812500
# [         43] Result MATCH: expected_result = 0.19730849564075469971, dut_result = 8.28073787689208984375
# [         44] Result MATCH: expected_result = 1.29778707027435302734, dut_result = 9.57852363586425781250
# [         45] Result MATCH: expected_result = 0.80652391910552978516, dut_result = 10.38504886627197265625
# [         46] Result MATCH: expected_result = 0.87487250566482543945, dut_result = 11.25992202758789062500
# [         47] Result MATCH: expected_result = 2.17335987091064453125, dut_result = 9.08656120300292968750
# [         48] Result MATCH: expected_result = 1.14055085182189941406, dut_result = 10.22711181640625000000
# [         49] Result MATCH: expected_result = 0.45123767852783203125, dut_result = 10.67835044860839843750
# [         50] Result MATCH: expected_result = 0.29787015914916992188, dut_result = 10.97622013092041015625
# [         51] Result MATCH: expected_result = 0.24183276295661926270, dut_result = 11.21805477142333984375
# [         52] Result MATCH: expected_result = 0.04454254359006881714, dut_result = 11.26259899139404296875
# [         53] Result MATCH: expected_result = 0.64969033002853393555, dut_result = 10.61290931701660156250
# [         54] Result MATCH: expected_result = 0.15894632041454315186, dut_result = 10.77185726165771484375
# [         55] Result MATCH: expected_result = 0.12563292682170867920, dut_result = 10.64622306823730468750
# [         56] Result MATCH: expected_result = 0.03193603828549385071, dut_result = 10.61428642272949218750
# [         57] Result MATCH: expected_result = 0.85498654842376708984, dut_result = 9.75929832458496093750
# [         58] Result MATCH: expected_result = 0.34015509486198425293, dut_result = 9.41914367675781250000
# [         59] Result MATCH: expected_result = 0.46540859341621398926, dut_result = 8.95373725891113281250
# [         60] Result MATCH: expected_result = 1.68572819232940673828, dut_result = 7.26801061630249023438
# [         61] Result MATCH: expected_result = 2.25312590599060058594, dut_result = 9.52113533020019531250
# [         62] Result MATCH: expected_result = 0.04499515146017074585, dut_result = 9.47614097595214843750
# [         63] Result MATCH: expected_result = 0.76021361351013183594, dut_result = 10.23635196685791015625
# INFO: Total number of cases       : 4
# INFO: Total number of result pass : 256 / 256
# INFO: Final pass percentage       : 100.00
# INFO: Final Time Result           : 50520000 ns
# INFO: Final Cycle Result          : 10104 cycles
# 
# ** Note: $finish    : ../testbench/testbench.sv(336)
#    Time: 51260 ns  Iteration: 1  Instance: /tb_top
# End time: 15:39:43 on Oct 04,2024, Elapsed time: 0:00:04
# Errors: 0, Warnings: 0
